❯ 06/Dec/2018:17:59:42 Connecting to database...
ℹ 06/Dec/2018:17:59:42 Initializing Socket Events.
ℹ 06/Dec/2018:17:59:42 Server UP, listening on port 5000
✔ 06/Dec/2018:17:59:42 Database connection success!!!
❯ 06/Dec/2018:18:01:34 Connecting to database...
ℹ 06/Dec/2018:18:01:34 Initializing Socket Events.
ℹ 06/Dec/2018:18:01:34 Server UP, listening on port 5000
✔ 06/Dec/2018:18:01:34 Database connection success!!!
❯ 06/Dec/2018:18:01:43 Connecting to database...
ℹ 06/Dec/2018:18:01:43 Initializing Socket Events.
ℹ 06/Dec/2018:18:01:44 Server UP, listening on port 5000
✔ 06/Dec/2018:18:01:44 Database connection success!!!
❯ 06/Dec/2018:18:02:18 Connecting to database...
ℹ 06/Dec/2018:18:02:19 Initializing Socket Events.
ℹ 06/Dec/2018:18:02:19 Server UP, listening on port 5000
✔ 06/Dec/2018:18:02:19 Database connection success!!!
❯ 06/Dec/2018:18:05:27 Connecting to database...
ℹ 06/Dec/2018:18:05:27 Server UP, listening on port 5000
✔ 06/Dec/2018:18:05:27 Database connection success!!!
❯ 06/Dec/2018:18:07:04 Connecting to database...
ℹ 06/Dec/2018:18:07:05 Server UP, listening on port 5000
✔ 06/Dec/2018:18:07:05 Database connection success!!!
❯ 06/Dec/2018:18:07:15 Connecting to database...
ℹ 06/Dec/2018:18:07:15 Server UP, listening on port 5000
✔ 06/Dec/2018:18:07:15 Database connection success!!!
❯ 06/Dec/2018:18:08:46 Connecting to database...
ℹ 06/Dec/2018:18:08:46 Initializing Socket Events.
ℹ 06/Dec/2018:18:08:46 Server UP, listening on port 5000
✔ 06/Dec/2018:18:08:46 Database connection success!!!
❯ 06/Dec/2018:18:08:51 Connecting to database...
ℹ 06/Dec/2018:18:08:51 Initializing Socket Events.
ℹ 06/Dec/2018:18:08:51 Server UP, listening on port 5000
✔ 06/Dec/2018:18:08:51 Database connection success!!!
❯ 06/Dec/2018:18:09:37 Connecting to database...
ℹ 06/Dec/2018:18:09:37 Initializing Socket Events.
ℹ 06/Dec/2018:18:09:37 Server UP, listening on port 5000
✔ 06/Dec/2018:18:09:37 Database connection success!!!
❯ 06/Dec/2018:18:09:48 Connecting to database...
ℹ 06/Dec/2018:18:09:48 Initializing Socket Events.
ℹ 06/Dec/2018:18:09:48 Server UP, listening on port 5000
✔ 06/Dec/2018:18:09:48 Database connection success!!!
❯ 07/Dec/2018:05:49:04 Connecting to database...
ℹ 07/Dec/2018:05:49:05 Initializing Socket Events.
ℹ 07/Dec/2018:05:49:05 Server UP, listening on port 5000
✔ 07/Dec/2018:05:49:05 Database connection success!!!
❯ 07/Dec/2018:05:50:23 Connecting to database...
ℹ 07/Dec/2018:05:50:24 Initializing Socket Events.
ℹ 07/Dec/2018:05:50:24 Server UP, listening on port 5000
✔ 07/Dec/2018:05:50:24 Database connection success!!!
❯ 07/Dec/2018:05:50:43 Connecting to database...
ℹ 07/Dec/2018:05:50:43 Initializing Socket Events.
ℹ 07/Dec/2018:05:50:43 Server UP, listening on port 5000
✔ 07/Dec/2018:05:50:43 Database connection success!!!
❯ 07/Dec/2018:05:51:34 Connecting to database...
ℹ 07/Dec/2018:05:51:34 Initializing Socket Events.
ℹ 07/Dec/2018:05:51:34 Server UP, listening on port 5000
✔ 07/Dec/2018:05:51:34 Database connection success!!!
❯ 07/Dec/2018:05:51:57 Connecting to database...
ℹ 07/Dec/2018:05:51:57 Initializing Socket Events.
ℹ 07/Dec/2018:05:51:57 Server UP, listening on port 5000
✔ 07/Dec/2018:05:51:57 Database connection success!!!
❯ 07/Dec/2018:05:52:17 Connecting to database...
ℹ 07/Dec/2018:05:52:17 Initializing Socket Events.
ℹ 07/Dec/2018:05:52:17 Server UP, listening on port 5000
✔ 07/Dec/2018:05:52:17 Database connection success!!!
❯ 07/Dec/2018:05:56:03 Connecting to database...
ℹ 07/Dec/2018:05:56:03 Initializing Socket Events.
ℹ 07/Dec/2018:05:56:03 Server UP, listening on port 5000
✔ 07/Dec/2018:05:56:03 Database connection success!!!
ℹ 07/Dec/2018:05:57:16 Board disabled: undefined
❯ 07/Dec/2018:05:57:54 Connecting to database...
ℹ 07/Dec/2018:05:57:54 Initializing Socket Events.
ℹ 07/Dec/2018:05:57:54 Server UP, listening on port 5000
✔ 07/Dec/2018:05:57:54 Database connection success!!!
❯ 07/Dec/2018:05:58:43 Connecting to database...
ℹ 07/Dec/2018:05:58:43 Initializing Socket Events.
ℹ 07/Dec/2018:05:58:43 Server UP, listening on port 5000
✔ 07/Dec/2018:05:58:43 Database connection success!!!
❯ 07/Dec/2018:05:59:45 Connecting to database...
ℹ 07/Dec/2018:05:59:46 Initializing Socket Events.
ℹ 07/Dec/2018:05:59:46 Server UP, listening on port 5000
✔ 07/Dec/2018:05:59:46 Database connection success!!!
❯ 07/Dec/2018:06:00:05 Connecting to database...
ℹ 07/Dec/2018:06:00:05 Initializing Socket Events.
ℹ 07/Dec/2018:06:00:05 Server UP, listening on port 5000
✔ 07/Dec/2018:06:00:05 Database connection success!!!
❯ 07/Dec/2018:06:00:36 Connecting to database...
ℹ 07/Dec/2018:06:00:36 Initializing Socket Events.
ℹ 07/Dec/2018:06:00:36 Server UP, listening on port 5000
✔ 07/Dec/2018:06:00:36 Database connection success!!!
❯ 07/Dec/2018:06:02:16 Connecting to database...
ℹ 07/Dec/2018:06:02:17 Initializing Socket Events.
ℹ 07/Dec/2018:06:02:17 Server UP, listening on port 5000
✔ 07/Dec/2018:06:02:17 Database connection success!!!
❯ 07/Dec/2018:06:03:53 Connecting to database...
ℹ 07/Dec/2018:06:03:54 Initializing Socket Events.
ℹ 07/Dec/2018:06:03:54 Server UP, listening on port 5000
✔ 07/Dec/2018:06:03:54 Database connection success!!!
❯ 07/Dec/2018:06:04:37 Connecting to database...
ℹ 07/Dec/2018:06:04:38 Initializing Socket Events.
ℹ 07/Dec/2018:06:04:38 Server UP, listening on port 5000
✔ 07/Dec/2018:06:04:38 Database connection success!!!
ℹ 07/Dec/2018:06:04:55 Emitted: board:toggle
ℹ 07/Dec/2018:06:04:57 Emitted: board:toggle
ℹ 07/Dec/2018:06:04:57 Emitted: board:toggle
ℹ 07/Dec/2018:06:04:58 Emitted: board:toggle
ℹ 07/Dec/2018:06:04:59 Emitted: board:toggle
ℹ 07/Dec/2018:06:05:00 Emitted: board:toggle
ℹ 12/Jul/2021:16:45:13 Initializing Socket Events.
ℹ 12/Jul/2021:16:45:13 Server UP, listening on port 5000
ℹ 12/Jul/2021:16:45:36 Initializing Socket Events.
ℹ 12/Jul/2021:16:45:36 Server UP, listening on port 5000
ℹ 12/Jul/2021:16:45:47 Initializing Socket Events.
ℹ 12/Jul/2021:16:45:47 Server UP, listening on port 5000
ℹ 12/Jul/2021:16:51:56 Initializing Socket Events.
ℹ 12/Jul/2021:16:51:56 Server UP, listening on port 5000
ℹ 12/Jul/2021:16:52:07 Initializing Socket Events.
ℹ 12/Jul/2021:16:52:07 Server UP, listening on port 5000
ℹ 12/Jul/2021:16:53:04 Initializing Socket Events.
ℹ 12/Jul/2021:16:53:04 Server UP, listening on port 5000
ℹ 12/Jul/2021:17:19:28 Initializing Socket Events.
ℹ 12/Jul/2021:17:19:28 Server UP, listening on port 3000
ℹ 12/Jul/2021:17:21:40 Initializing Socket Events.
ℹ 12/Jul/2021:17:21:40 Server UP, listening on port 3000
ℹ 12/Jul/2021:17:22:22 Initializing Socket Events.
ℹ 12/Jul/2021:17:22:22 Server UP, listening on port 3000
ℹ 12/Jul/2021:17:22:56 Initializing Socket Events.
ℹ 12/Jul/2021:17:22:56 Server UP, listening on port 3000
ℹ 12/Jul/2021:17:24:21 Initializing Socket Events.
ℹ 12/Jul/2021:17:24:21 Server UP, listening on port 3000
ℹ 12/Jul/2021:17:25:31 Initializing Socket Events.
ℹ 12/Jul/2021:17:25:31 Server UP, listening on port 3000
ℹ 12/Jul/2021:17:42:15 Initializing Socket Events.
ℹ 12/Jul/2021:17:42:15 Server UP, listening on port 3000
ℹ 12/Jul/2021:17:42:46 Initializing Socket Events.
ℹ 12/Jul/2021:17:42:46 Server UP, listening on port 3000
ℹ 12/Jul/2021:17:44:01 Initializing Socket Events.
ℹ 12/Jul/2021:17:44:02 Server UP, listening on port 3000
ℹ 12/Jul/2021:18:03:48 Board disabled: undefined
ℹ 12/Jul/2021:21:51:36 Initializing Socket Events.
ℹ 12/Jul/2021:21:51:36 Server UP, listening on port 3000
ℹ 12/Jul/2021:21:53:51 Initializing Socket Events.
ℹ 12/Jul/2021:21:53:52 Server UP, listening on port 3000
ℹ 12/Jul/2021:22:22:02 Board disabled: undefined
ℹ 13/Jul/2021:08:08:09 Initializing Socket Events.
ℹ 13/Jul/2021:08:08:09 Server UP, listening on port 3000
ℹ 13/Jul/2021:08:12:29 Initializing Socket Events.
ℹ 13/Jul/2021:08:12:30 Server UP, listening on port 3000
ℹ 13/Jul/2021:08:16:26 Initializing Socket Events.
ℹ 13/Jul/2021:08:16:26 Server UP, listening on port 3000
ℹ 13/Jul/2021:08:19:39 Board disabled: testName
ℹ 13/Jul/2021:08:22:58 Initializing Socket Events.
ℹ 13/Jul/2021:08:22:58 Server UP, listening on port 3000
ℹ 13/Jul/2021:08:23:05 Initializing Socket Events.
ℹ 13/Jul/2021:08:23:05 Server UP, listening on port 3000
ℹ 13/Jul/2021:08:24:55 Initializing Socket Events.
ℹ 13/Jul/2021:08:24:55 Server UP, listening on port 3000
ℹ 13/Jul/2021:08:25:00 Emitted: board:toggle
ℹ 13/Jul/2021:08:26:38 Emitted: board:toggle
ℹ 13/Jul/2021:08:26:39 Emitted: board:toggle
ℹ 13/Jul/2021:08:29:50 Emitted: board:toggle
ℹ 13/Jul/2021:08:29:51 Emitted: board:toggle
ℹ 13/Jul/2021:08:29:52 Emitted: board:toggle
ℹ 13/Jul/2021:08:29:52 Emitted: board:toggle
ℹ 13/Jul/2021:08:29:53 Emitted: board:toggle
ℹ 13/Jul/2021:08:29:54 Emitted: board:toggle
ℹ 13/Jul/2021:08:42:46 Emitted: board:toggle
ℹ 13/Jul/2021:08:44:43 Initializing Socket Events.
ℹ 13/Jul/2021:08:44:43 Server UP, listening on port 3000
ℹ 13/Jul/2021:08:46:45 Initializing Socket Events.
ℹ 13/Jul/2021:08:46:45 Server UP, listening on port 3000
ℹ 13/Jul/2021:08:48:49 Initializing Socket Events.
ℹ 13/Jul/2021:08:48:49 Server UP, listening on port 3000
ℹ 13/Jul/2021:08:49:07 Initializing Socket Events.
ℹ 13/Jul/2021:08:49:07 Server UP, listening on port 3000
ℹ 13/Jul/2021:08:49:56 Initializing Socket Events.
ℹ 13/Jul/2021:08:49:56 Server UP, listening on port 3000
ℹ 13/Jul/2021:08:50:24 Initializing Socket Events.
ℹ 13/Jul/2021:08:50:24 Server UP, listening on port 3000
ℹ 13/Jul/2021:08:50:30 Initializing Socket Events.
ℹ 13/Jul/2021:08:50:30 Server UP, listening on port 3000
ℹ 13/Jul/2021:08:50:39 Initializing Socket Events.
ℹ 13/Jul/2021:08:50:39 Server UP, listening on port 3000
ℹ 13/Jul/2021:08:51:38 Initializing Socket Events.
ℹ 13/Jul/2021:08:51:39 Server UP, listening on port 3000
ℹ 13/Jul/2021:08:51:47 Initializing Socket Events.
ℹ 13/Jul/2021:08:51:47 Server UP, listening on port 3000
ℹ 13/Jul/2021:08:52:45 Initializing Socket Events.
ℹ 13/Jul/2021:08:52:45 Server UP, listening on port 3000
ℹ 13/Jul/2021:08:52:58 Emitted: board:on
ℹ 13/Jul/2021:08:53:00 Emitted: board:off
ℹ 13/Jul/2021:08:53:01 Emitted: board:on
ℹ 13/Jul/2021:08:53:01 Emitted: board:off
ℹ 13/Jul/2021:08:53:02 Emitted: board:on
ℹ 13/Jul/2021:08:53:03 Emitted: board:off
ℹ 13/Jul/2021:08:53:04 Emitted: board:on
ℹ 13/Jul/2021:08:53:05 Emitted: board:off
ℹ 13/Jul/2021:08:53:05 Emitted: board:on
ℹ 13/Jul/2021:08:53:06 Emitted: board:off
ℹ 13/Jul/2021:08:53:07 Emitted: board:on
ℹ 13/Jul/2021:08:53:08 Emitted: board:off
ℹ 13/Jul/2021:08:56:51 Board disabled: testName
ℹ 13/Jul/2021:08:56:54 Emitted: board:on
ℹ 13/Jul/2021:08:56:56 Emitted: board:off
ℹ 13/Jul/2021:08:56:56 Emitted: board:on
ℹ 13/Jul/2021:08:56:57 Emitted: board:off
ℹ 13/Jul/2021:08:56:58 Emitted: board:on
ℹ 13/Jul/2021:08:56:59 Emitted: board:off
ℹ 13/Jul/2021:08:56:59 Emitted: board:on
ℹ 13/Jul/2021:08:57:00 Emitted: board:off
ℹ 13/Jul/2021:08:57:00 Emitted: board:on
ℹ 13/Jul/2021:08:57:01 Emitted: board:off
ℹ 13/Jul/2021:08:57:02 Emitted: board:on
ℹ 13/Jul/2021:08:57:02 Emitted: board:off
ℹ 13/Jul/2021:08:57:04 Emitted: board:on
ℹ 13/Jul/2021:08:57:05 Emitted: board:off
ℹ 13/Jul/2021:08:57:05 Emitted: board:on
ℹ 13/Jul/2021:08:57:05 Emitted: board:off
ℹ 13/Jul/2021:08:57:05 Emitted: board:on
ℹ 13/Jul/2021:08:57:06 Emitted: board:off
ℹ 13/Jul/2021:08:57:06 Emitted: board:on
ℹ 13/Jul/2021:08:57:06 Emitted: board:off
ℹ 13/Jul/2021:08:57:06 Emitted: board:on
ℹ 13/Jul/2021:08:57:06 Emitted: board:off
ℹ 13/Jul/2021:08:57:06 Emitted: board:on
ℹ 13/Jul/2021:08:57:07 Emitted: board:off
ℹ 13/Jul/2021:08:57:08 Emitted: board:on
ℹ 13/Jul/2021:08:57:10 Emitted: board:off
ℹ 13/Jul/2021:08:57:11 Emitted: board:on
ℹ 13/Jul/2021:08:57:14 Emitted: board:on
ℹ 13/Jul/2021:08:57:17 Emitted: board:off
ℹ 13/Jul/2021:08:57:18 Emitted: board:on
ℹ 13/Jul/2021:08:57:20 Emitted: board:off
ℹ 13/Jul/2021:08:57:21 Emitted: board:on
ℹ 13/Jul/2021:08:57:22 Emitted: board:off
ℹ 13/Jul/2021:08:57:23 Emitted: board:on
ℹ 13/Jul/2021:08:57:23 Emitted: board:off
ℹ 13/Jul/2021:09:06:20 Emitted: board:on
ℹ 13/Jul/2021:09:06:21 Emitted: board:off
ℹ 13/Jul/2021:09:36:10 Emitted: board:on
ℹ 13/Jul/2021:09:36:20 Emitted: board:off
ℹ 13/Jul/2021:09:36:21 Emitted: board:on
ℹ 13/Jul/2021:09:36:22 Emitted: board:off
ℹ 13/Jul/2021:09:36:22 Emitted: board:on
ℹ 13/Jul/2021:09:36:23 Emitted: board:off
ℹ 13/Jul/2021:09:36:35 Emitted: board:on
ℹ 13/Jul/2021:09:36:36 Emitted: board:off
ℹ 13/Jul/2021:09:36:36 Emitted: board:on
ℹ 13/Jul/2021:09:36:37 Emitted: board:off
ℹ 13/Jul/2021:09:36:37 Emitted: board:on
ℹ 13/Jul/2021:09:36:38 Emitted: board:off
ℹ 13/Jul/2021:09:36:38 Emitted: board:on
ℹ 13/Jul/2021:09:36:39 Emitted: board:off
ℹ 13/Jul/2021:09:36:39 Emitted: board:on
ℹ 13/Jul/2021:09:36:39 Emitted: board:off
ℹ 13/Jul/2021:09:36:39 Emitted: board:on
ℹ 13/Jul/2021:09:36:39 Emitted: board:off
ℹ 13/Jul/2021:09:36:40 Emitted: board:on
ℹ 13/Jul/2021:09:36:40 Emitted: board:off
ℹ 13/Jul/2021:09:36:40 Emitted: board:on
ℹ 13/Jul/2021:09:36:41 Emitted: board:off
ℹ 13/Jul/2021:09:36:41 Emitted: board:on
ℹ 13/Jul/2021:09:36:41 Emitted: board:off
ℹ 13/Jul/2021:09:36:41 Emitted: board:on
ℹ 13/Jul/2021:09:36:42 Emitted: board:off
ℹ 13/Jul/2021:09:36:42 Emitted: board:on
ℹ 13/Jul/2021:09:36:46 Emitted: board:off
ℹ 13/Jul/2021:09:36:50 Emitted: board:on
ℹ 13/Jul/2021:09:36:57 Emitted: board:on
ℹ 13/Jul/2021:09:36:59 Emitted: board:off
ℹ 13/Jul/2021:09:43:29 Emitted: board:on
ℹ 13/Jul/2021:09:43:30 Emitted: board:off
ℹ 13/Jul/2021:09:43:31 Emitted: board:on
ℹ 13/Jul/2021:09:43:32 Emitted: board:off
ℹ 13/Jul/2021:09:43:32 Emitted: board:on
ℹ 13/Jul/2021:09:43:33 Emitted: board:off
ℹ 13/Jul/2021:09:43:33 Emitted: board:on
ℹ 13/Jul/2021:09:43:35 Emitted: board:off
ℹ 13/Jul/2021:09:43:36 Emitted: board:on
ℹ 13/Jul/2021:09:43:37 Emitted: board:off
ℹ 13/Jul/2021:09:43:37 Emitted: board:on
ℹ 13/Jul/2021:09:43:38 Emitted: board:off
ℹ 13/Jul/2021:09:43:39 Emitted: board:on
ℹ 13/Jul/2021:09:43:50 Emitted: board:off
ℹ 13/Jul/2021:09:43:51 Emitted: board:on
ℹ 13/Jul/2021:09:43:52 Emitted: board:off
ℹ 13/Jul/2021:09:43:53 Emitted: board:on
ℹ 13/Jul/2021:09:51:53 Emitted: board:off
ℹ 13/Jul/2021:09:51:54 Emitted: board:on
ℹ 13/Jul/2021:09:51:54 Emitted: board:off
ℹ 13/Jul/2021:09:51:55 Emitted: board:on
ℹ 13/Jul/2021:09:51:55 Emitted: board:off
ℹ 13/Jul/2021:09:51:55 Emitted: board:on
ℹ 13/Jul/2021:09:51:55 Emitted: board:off
ℹ 13/Jul/2021:09:51:56 Emitted: board:on
ℹ 13/Jul/2021:09:51:56 Emitted: board:off
ℹ 13/Jul/2021:09:51:56 Emitted: board:on
ℹ 13/Jul/2021:09:51:56 Emitted: board:off
ℹ 13/Jul/2021:09:51:57 Emitted: board:on
ℹ 13/Jul/2021:09:51:57 Emitted: board:off
ℹ 13/Jul/2021:09:51:57 Emitted: board:on
ℹ 13/Jul/2021:09:51:57 Emitted: board:off
ℹ 13/Jul/2021:09:51:57 Emitted: board:on
ℹ 13/Jul/2021:09:51:58 Emitted: board:off
ℹ 13/Jul/2021:09:51:58 Emitted: board:on
ℹ 13/Jul/2021:09:51:58 Emitted: board:off
ℹ 13/Jul/2021:09:51:58 Emitted: board:on
ℹ 13/Jul/2021:09:51:59 Emitted: board:off
ℹ 13/Jul/2021:09:51:59 Emitted: board:on
ℹ 13/Jul/2021:09:51:59 Emitted: board:off
ℹ 13/Jul/2021:09:51:59 Emitted: board:on
ℹ 13/Jul/2021:09:51:59 Emitted: board:off
ℹ 13/Jul/2021:09:52:00 Emitted: board:on
ℹ 13/Jul/2021:09:52:00 Emitted: board:off
ℹ 13/Jul/2021:09:52:00 Emitted: board:on
ℹ 13/Jul/2021:09:52:00 Emitted: board:off
ℹ 13/Jul/2021:09:52:00 Emitted: board:on
ℹ 13/Jul/2021:09:52:00 Emitted: board:off
ℹ 13/Jul/2021:09:52:01 Emitted: board:on
ℹ 13/Jul/2021:09:52:01 Emitted: board:off
ℹ 13/Jul/2021:09:52:01 Emitted: board:on
ℹ 13/Jul/2021:09:52:02 Emitted: board:off
ℹ 13/Jul/2021:09:52:04 Emitted: board:on
ℹ 13/Jul/2021:09:52:04 Emitted: board:off
ℹ 13/Jul/2021:09:52:05 Emitted: board:on
ℹ 13/Jul/2021:09:52:05 Emitted: board:off
ℹ 13/Jul/2021:09:52:05 Emitted: board:on
ℹ 13/Jul/2021:09:52:07 Emitted: board:off
ℹ 13/Jul/2021:09:52:07 Emitted: board:on
ℹ 13/Jul/2021:09:52:08 Emitted: board:off
ℹ 13/Jul/2021:09:52:08 Emitted: board:on
ℹ 13/Jul/2021:09:52:09 Emitted: board:off
ℹ 13/Jul/2021:09:52:10 Emitted: board:on
ℹ 13/Jul/2021:09:53:40 Board disabled: Filler
ℹ 13/Jul/2021:09:56:55 Emitted: board:on
ℹ 13/Jul/2021:09:56:56 Emitted: board:off
ℹ 13/Jul/2021:09:56:56 Emitted: board:on
ℹ 13/Jul/2021:09:56:57 Emitted: board:off
ℹ 13/Jul/2021:09:56:58 Emitted: board:on
ℹ 13/Jul/2021:09:56:59 Emitted: board:off
ℹ 13/Jul/2021:09:57:00 Emitted: board:on
ℹ 13/Jul/2021:10:05:09 Emitted: board:on
ℹ 13/Jul/2021:10:05:09 Emitted: board:off
ℹ 13/Jul/2021:10:05:11 Emitted: board:off
ℹ 13/Jul/2021:10:05:11 Board disabled: Filler
ℹ 13/Jul/2021:10:05:12 Emitted: board:on
ℹ 13/Jul/2021:10:05:13 Emitted: board:off
ℹ 13/Jul/2021:10:05:14 Emitted: board:on
ℹ 13/Jul/2021:10:05:14 Emitted: board:off
ℹ 13/Jul/2021:10:05:15 Emitted: board:on
ℹ 13/Jul/2021:10:05:15 Emitted: board:off
ℹ 13/Jul/2021:10:05:16 Emitted: board:on
ℹ 13/Jul/2021:10:05:16 Emitted: board:off
ℹ 13/Jul/2021:10:05:16 Emitted: board:on
ℹ 13/Jul/2021:10:05:17 Emitted: board:off
ℹ 13/Jul/2021:10:05:18 Emitted: board:on
ℹ 13/Jul/2021:10:05:18 Emitted: board:off
ℹ 13/Jul/2021:10:05:19 Emitted: board:on
ℹ 13/Jul/2021:10:05:19 Emitted: board:off
ℹ 13/Jul/2021:10:05:19 Emitted: board:on
ℹ 13/Jul/2021:10:05:20 Emitted: board:off
ℹ 13/Jul/2021:10:05:20 Emitted: board:on
ℹ 13/Jul/2021:10:05:21 Emitted: board:off
ℹ 13/Jul/2021:10:05:22 Emitted: board:on
ℹ 13/Jul/2021:10:05:22 Emitted: board:off
ℹ 13/Jul/2021:10:07:29 Emitted: board:on
ℹ 13/Jul/2021:10:07:30 Emitted: board:off
ℹ 13/Jul/2021:10:53:06 Emitted: board:on
ℹ 13/Jul/2021:10:53:06 Emitted: board:off
ℹ 13/Jul/2021:10:53:07 Emitted: board:on
ℹ 13/Jul/2021:10:53:07 Emitted: board:off
ℹ 13/Jul/2021:10:53:07 Board disabled: ThaFilla
ℹ 13/Jul/2021:10:53:08 Emitted: board:on
ℹ 13/Jul/2021:10:53:08 Emitted: board:off
ℹ 13/Jul/2021:10:53:09 Emitted: board:on
ℹ 13/Jul/2021:10:53:10 Emitted: board:off
ℹ 13/Jul/2021:10:53:10 Emitted: board:on
ℹ 13/Jul/2021:10:53:12 Emitted: board:off
ℹ 13/Jul/2021:10:53:12 Emitted: board:on
ℹ 13/Jul/2021:10:53:12 Emitted: board:off
ℹ 13/Jul/2021:10:53:13 Emitted: board:on
ℹ 13/Jul/2021:10:53:13 Emitted: board:off
ℹ 13/Jul/2021:10:53:14 Emitted: board:on
ℹ 13/Jul/2021:10:53:16 Emitted: board:off
ℹ 13/Jul/2021:10:53:16 Emitted: board:on
ℹ 13/Jul/2021:10:53:17 Emitted: board:off
ℹ 13/Jul/2021:10:53:17 Emitted: board:on
ℹ 13/Jul/2021:10:53:18 Emitted: board:off
ℹ 13/Jul/2021:10:53:18 Emitted: board:on
ℹ 13/Jul/2021:10:53:19 Emitted: board:off
ℹ 13/Jul/2021:10:53:19 Emitted: board:on
ℹ 13/Jul/2021:10:56:50 Initializing Socket Events.
ℹ 13/Jul/2021:10:56:50 Server UP, listening on port 3000
ℹ 13/Jul/2021:10:56:56 Initializing Socket Events.
ℹ 13/Jul/2021:10:56:56 Server UP, listening on port 3000
ℹ 13/Jul/2021:10:58:27 Initializing Socket Events.
ℹ 13/Jul/2021:10:58:27 Server UP, listening on port 3000
ℹ 13/Jul/2021:10:58:33 Emitted: board:on
ℹ 13/Jul/2021:10:58:33 Emitted: board:off
ℹ 13/Jul/2021:10:58:35 Emitted: board:on
ℹ 13/Jul/2021:10:58:35 Emitted: board:off
ℹ 13/Jul/2021:10:59:24 Initializing Socket Events.
ℹ 13/Jul/2021:10:59:24 Server UP, listening on port 3000
ℹ 13/Jul/2021:10:59:34 Initializing Socket Events.
ℹ 13/Jul/2021:10:59:34 Server UP, listening on port 3000
ℹ 13/Jul/2021:11:00:23 Initializing Socket Events.
ℹ 13/Jul/2021:11:00:23 Server UP, listening on port 3000
ℹ 13/Jul/2021:11:00:28 Initializing Socket Events.
ℹ 13/Jul/2021:11:00:28 Server UP, listening on port 3000
ℹ 13/Jul/2021:11:00:49 Initializing Socket Events.
ℹ 13/Jul/2021:11:00:49 Server UP, listening on port 3000
ℹ 13/Jul/2021:11:02:34 Initializing Socket Events.
ℹ 13/Jul/2021:11:02:34 Server UP, listening on port 3000
ℹ 13/Jul/2021:11:04:14 Initializing Socket Events.
ℹ 13/Jul/2021:11:04:14 Server UP, listening on port 3000
ℹ 13/Jul/2021:11:04:40 Initializing Socket Events.
ℹ 13/Jul/2021:11:04:40 Server UP, listening on port 3000
ℹ 13/Jul/2021:11:04:58 Initializing Socket Events.
ℹ 13/Jul/2021:11:04:58 Server UP, listening on port 3000
ℹ 13/Jul/2021:11:05:14 Initializing Socket Events.
ℹ 13/Jul/2021:11:05:14 Server UP, listening on port 3000
ℹ 13/Jul/2021:11:05:28 Initializing Socket Events.
ℹ 13/Jul/2021:11:05:28 Server UP, listening on port 3000
ℹ 13/Jul/2021:11:09:03 Initializing Socket Events.
ℹ 13/Jul/2021:11:09:03 Server UP, listening on port 3000
ℹ 13/Jul/2021:11:10:01 Initializing Socket Events.
ℹ 13/Jul/2021:11:10:01 Server UP, listening on port 3000
ℹ 13/Jul/2021:11:10:16 Initializing Socket Events.
ℹ 13/Jul/2021:11:10:16 Server UP, listening on port 3000
ℹ 13/Jul/2021:11:10:19 Initializing Socket Events.
ℹ 13/Jul/2021:11:10:19 Server UP, listening on port 3000
ℹ 13/Jul/2021:11:10:38 Emitted: board:on
ℹ 13/Jul/2021:11:10:39 Emitted: board:off
ℹ 13/Jul/2021:11:10:49 Emitted: board:on
ℹ 13/Jul/2021:11:10:50 Emitted: board:off
ℹ 13/Jul/2021:11:26:26 Initializing Socket Events.
ℹ 13/Jul/2021:11:26:26 Server UP, listening on port 3000
ℹ 13/Jul/2021:11:27:04 Initializing Socket Events.
ℹ 13/Jul/2021:11:27:04 Server UP, listening on port 3000
ℹ 13/Jul/2021:11:27:40 Initializing Socket Events.
ℹ 13/Jul/2021:11:27:40 Server UP, listening on port 3000
ℹ 13/Jul/2021:11:41:18 Board disabled: Fill
ℹ 13/Jul/2021:11:47:29 Board disabled: Fill
ℹ 13/Jul/2021:11:49:23 Board disabled: Fill
ℹ 13/Jul/2021:11:49:38 Emitted: board:on
ℹ 13/Jul/2021:11:49:40 Emitted: board:off
ℹ 13/Jul/2021:11:49:41 Emitted: board:on
ℹ 13/Jul/2021:11:49:42 Emitted: board:off
ℹ 13/Jul/2021:11:49:42 Emitted: board:on
ℹ 13/Jul/2021:11:49:43 Emitted: board:off
ℹ 13/Jul/2021:11:49:44 Emitted: board:on
ℹ 13/Jul/2021:11:49:45 Emitted: board:off
ℹ 13/Jul/2021:11:49:46 Emitted: board:on
ℹ 13/Jul/2021:11:49:47 Emitted: board:off
ℹ 13/Jul/2021:11:49:59 Board disabled: Fill
ℹ 13/Jul/2021:11:50:08 Emitted: board:on
ℹ 13/Jul/2021:11:50:09 Emitted: board:off
ℹ 13/Jul/2021:11:50:10 Emitted: board:on
ℹ 13/Jul/2021:11:50:12 Emitted: board:off
ℹ 13/Jul/2021:11:50:13 Emitted: board:on
ℹ 13/Jul/2021:11:50:13 Emitted: board:off
ℹ 13/Jul/2021:11:50:30 Board disabled: Fill
ℹ 13/Jul/2021:11:51:01 Board disabled: Fill
ℹ 13/Jul/2021:11:51:31 Board disabled: Fill
ℹ 13/Jul/2021:11:52:02 Board disabled: Fill
ℹ 13/Jul/2021:11:52:33 Board disabled: Fill
ℹ 13/Jul/2021:11:53:04 Board disabled: Fill
ℹ 13/Jul/2021:11:53:35 Board disabled: Fill
ℹ 13/Jul/2021:11:54:05 Board disabled: Fill
ℹ 13/Jul/2021:11:54:36 Board disabled: Fill
ℹ 13/Jul/2021:11:55:07 Board disabled: Fill
ℹ 13/Jul/2021:11:55:38 Board disabled: Fill
ℹ 13/Jul/2021:11:56:58 Emitted: board:on
ℹ 13/Jul/2021:11:57:00 Emitted: board:off
ℹ 13/Jul/2021:11:57:01 Emitted: board:on
ℹ 13/Jul/2021:11:57:02 Emitted: board:off
ℹ 13/Jul/2021:11:57:03 Emitted: board:on
ℹ 13/Jul/2021:11:57:05 Emitted: board:off
ℹ 13/Jul/2021:11:57:22 Board disabled: Luz Fondo
ℹ 13/Jul/2021:11:57:38 Emitted: board:on
ℹ 13/Jul/2021:11:57:39 Emitted: board:off
ℹ 13/Jul/2021:11:57:40 Emitted: board:on
ℹ 13/Jul/2021:11:57:40 Emitted: board:off
ℹ 13/Jul/2021:11:57:48 Emitted: board:on
ℹ 13/Jul/2021:11:57:49 Emitted: board:off
ℹ 13/Jul/2021:11:57:56 Board disabled: Luz Fondo
ℹ 13/Jul/2021:11:58:02 Emitted: board:on
ℹ 13/Jul/2021:11:58:04 Emitted: board:off
ℹ 13/Jul/2021:11:58:04 Emitted: board:on
ℹ 13/Jul/2021:11:58:05 Emitted: board:off
ℹ 13/Jul/2021:11:58:06 Emitted: board:on
ℹ 13/Jul/2021:11:58:06 Emitted: board:off
ℹ 13/Jul/2021:11:58:09 Emitted: board:on
ℹ 13/Jul/2021:11:58:11 Emitted: board:off
ℹ 13/Jul/2021:11:58:12 Emitted: board:on
ℹ 13/Jul/2021:11:58:12 Emitted: board:off
ℹ 13/Jul/2021:11:58:13 Emitted: board:on
ℹ 13/Jul/2021:11:58:24 Emitted: board:off
ℹ 13/Jul/2021:11:58:25 Emitted: board:on
ℹ 13/Jul/2021:11:58:27 Board disabled: Luz Fondo
ℹ 13/Jul/2021:11:58:57 Board disabled: Luz Fondo
ℹ 13/Jul/2021:11:59:28 Board disabled: Luz Fondo
ℹ 13/Jul/2021:11:59:59 Board disabled: Luz Fondo
ℹ 13/Jul/2021:12:00:29 Board disabled: Luz Fondo
ℹ 13/Jul/2021:12:01:00 Board disabled: Luz Fondo
ℹ 13/Jul/2021:12:01:13 Emitted: board:on
ℹ 13/Jul/2021:12:01:14 Emitted: board:off
ℹ 13/Jul/2021:12:01:14 Emitted: board:on
ℹ 13/Jul/2021:12:01:31 Board disabled: Luz Fondo
ℹ 13/Jul/2021:12:01:58 Emitted: board:on
ℹ 13/Jul/2021:12:01:59 Emitted: board:off
ℹ 13/Jul/2021:12:01:59 Emitted: board:on
ℹ 13/Jul/2021:12:02:00 Emitted: board:off
ℹ 13/Jul/2021:12:02:02 Board disabled: Luz Fondo
ℹ 13/Jul/2021:12:02:06 Emitted: board:on
ℹ 13/Jul/2021:12:02:07 Emitted: board:off
ℹ 13/Jul/2021:12:02:07 Emitted: board:on
ℹ 13/Jul/2021:12:02:08 Emitted: board:off
ℹ 13/Jul/2021:12:02:09 Emitted: board:on
ℹ 13/Jul/2021:12:02:09 Emitted: board:off
ℹ 13/Jul/2021:12:02:10 Emitted: board:on
ℹ 13/Jul/2021:12:02:11 Emitted: board:off
ℹ 13/Jul/2021:12:02:11 Emitted: board:on
ℹ 13/Jul/2021:12:02:12 Emitted: board:off
ℹ 13/Jul/2021:12:02:12 Emitted: board:on
ℹ 13/Jul/2021:12:02:13 Emitted: board:off
ℹ 13/Jul/2021:12:02:25 Emitted: board:on
ℹ 13/Jul/2021:12:02:26 Emitted: board:off
ℹ 13/Jul/2021:12:02:26 Emitted: board:on
ℹ 13/Jul/2021:12:02:27 Emitted: board:off
ℹ 13/Jul/2021:12:02:28 Emitted: board:on
ℹ 13/Jul/2021:12:02:29 Emitted: board:off
ℹ 13/Jul/2021:12:02:29 Emitted: board:on
ℹ 13/Jul/2021:12:02:32 Board disabled: Luz Fondo
ℹ 13/Jul/2021:12:03:03 Board disabled: Luz Fondo
ℹ 13/Jul/2021:12:03:27 Emitted: board:on
ℹ 13/Jul/2021:12:03:28 Emitted: board:off
ℹ 13/Jul/2021:12:03:29 Emitted: board:on
ℹ 13/Jul/2021:12:03:30 Emitted: board:off
ℹ 13/Jul/2021:12:03:31 Emitted: board:on
ℹ 13/Jul/2021:12:03:31 Emitted: board:off
ℹ 13/Jul/2021:12:03:33 Emitted: board:on
ℹ 13/Jul/2021:12:03:34 Board disabled: Luz Fondo
ℹ 13/Jul/2021:12:03:34 Emitted: board:off
ℹ 13/Jul/2021:12:03:35 Emitted: board:on
ℹ 13/Jul/2021:12:03:36 Emitted: board:off
ℹ 13/Jul/2021:12:03:36 Emitted: board:on
ℹ 13/Jul/2021:12:03:37 Emitted: board:off
ℹ 13/Jul/2021:12:03:37 Emitted: board:on
ℹ 13/Jul/2021:12:03:38 Emitted: board:off
ℹ 13/Jul/2021:12:03:38 Emitted: board:on
ℹ 13/Jul/2021:12:03:39 Emitted: board:off
ℹ 13/Jul/2021:12:03:39 Emitted: board:on
ℹ 13/Jul/2021:12:03:40 Emitted: board:off
ℹ 13/Jul/2021:12:03:40 Emitted: board:on
ℹ 13/Jul/2021:12:03:42 Emitted: board:on
ℹ 13/Jul/2021:12:03:43 Emitted: board:off
ℹ 13/Jul/2021:12:03:44 Emitted: board:on
ℹ 13/Jul/2021:12:03:44 Emitted: board:off
ℹ 13/Jul/2021:12:03:45 Emitted: board:on
ℹ 13/Jul/2021:12:03:45 Emitted: board:off
ℹ 13/Jul/2021:12:03:46 Emitted: board:on
ℹ 13/Jul/2021:12:03:46 Emitted: board:off
ℹ 13/Jul/2021:12:03:47 Emitted: board:off
ℹ 13/Jul/2021:12:03:48 Emitted: board:on
ℹ 13/Jul/2021:12:03:49 Emitted: board:on
ℹ 13/Jul/2021:12:03:50 Emitted: board:off
ℹ 13/Jul/2021:12:03:51 Emitted: board:off
ℹ 13/Jul/2021:12:03:52 Emitted: board:on
ℹ 13/Jul/2021:12:03:52 Emitted: board:off
ℹ 13/Jul/2021:12:03:52 Emitted: board:on
ℹ 13/Jul/2021:12:03:53 Emitted: board:off
ℹ 13/Jul/2021:12:03:53 Emitted: board:on
ℹ 13/Jul/2021:12:03:54 Emitted: board:off
ℹ 13/Jul/2021:12:03:54 Emitted: board:on
ℹ 13/Jul/2021:12:03:54 Emitted: board:off
ℹ 13/Jul/2021:12:03:55 Emitted: board:on
ℹ 13/Jul/2021:12:03:55 Emitted: board:off
ℹ 13/Jul/2021:12:03:56 Emitted: board:on
ℹ 13/Jul/2021:12:03:56 Emitted: board:off
ℹ 13/Jul/2021:12:03:56 Emitted: board:on
ℹ 13/Jul/2021:12:03:57 Emitted: board:off
ℹ 13/Jul/2021:12:03:58 Emitted: board:on
ℹ 13/Jul/2021:12:03:59 Emitted: board:off
ℹ 13/Jul/2021:12:04:05 Board disabled: Luz Fondo
ℹ 13/Jul/2021:12:04:35 Board disabled: Luz Fondo
ℹ 13/Jul/2021:12:05:06 Board disabled: Luz Fondo
ℹ 13/Jul/2021:12:05:12 Emitted: board:on
ℹ 13/Jul/2021:12:05:13 Emitted: board:off
ℹ 13/Jul/2021:12:05:14 Emitted: board:on
ℹ 13/Jul/2021:12:05:15 Emitted: board:off
ℹ 13/Jul/2021:12:05:37 Board disabled: Luz Fondo
ℹ 13/Jul/2021:12:06:07 Board disabled: Luz Fondo
ℹ 13/Jul/2021:12:06:38 Board disabled: Luz Fondo
ℹ 13/Jul/2021:12:07:09 Board disabled: Luz Fondo
ℹ 13/Jul/2021:12:07:11 Emitted: board:on
ℹ 13/Jul/2021:12:07:12 Emitted: board:off
ℹ 13/Jul/2021:12:07:12 Emitted: board:on
ℹ 13/Jul/2021:12:07:13 Emitted: board:off
ℹ 13/Jul/2021:12:07:13 Emitted: board:on
ℹ 13/Jul/2021:12:07:14 Emitted: board:off
ℹ 13/Jul/2021:12:07:15 Emitted: board:on
ℹ 13/Jul/2021:12:07:17 Emitted: board:off
ℹ 13/Jul/2021:12:07:34 Emitted: board:on
ℹ 13/Jul/2021:12:07:34 Emitted: board:off
ℹ 13/Jul/2021:12:07:40 Board disabled: Luz Fondo
ℹ 13/Jul/2021:12:08:10 Board disabled: Luz Fondo
ℹ 13/Jul/2021:12:08:41 Board disabled: Luz Fondo
ℹ 13/Jul/2021:12:08:50 Emitted: board:on
ℹ 13/Jul/2021:12:08:50 Emitted: board:off
ℹ 13/Jul/2021:12:08:51 Emitted: board:on
ℹ 13/Jul/2021:12:08:52 Emitted: board:off
ℹ 13/Jul/2021:12:08:53 Emitted: board:on
ℹ 13/Jul/2021:12:08:54 Emitted: board:on
ℹ 13/Jul/2021:12:08:55 Emitted: board:off
ℹ 13/Jul/2021:12:08:55 Emitted: board:off
ℹ 13/Jul/2021:12:09:12 Board disabled: Luz Fondo
ℹ 13/Jul/2021:12:09:32 Emitted: board:on
ℹ 13/Jul/2021:12:09:33 Emitted: board:off
ℹ 13/Jul/2021:12:09:34 Emitted: board:on
ℹ 13/Jul/2021:12:09:35 Emitted: board:on
ℹ 13/Jul/2021:12:09:36 Emitted: board:on
ℹ 13/Jul/2021:12:09:37 Emitted: board:off
ℹ 13/Jul/2021:12:09:38 Emitted: board:off
ℹ 13/Jul/2021:12:09:39 Emitted: board:off
ℹ 13/Jul/2021:12:09:40 Emitted: board:on
ℹ 13/Jul/2021:12:09:42 Emitted: board:off
ℹ 13/Jul/2021:12:09:42 Emitted: board:on
ℹ 13/Jul/2021:12:09:43 Board disabled: Luz Fondo
ℹ 13/Jul/2021:12:09:43 Emitted: board:off
ℹ 13/Jul/2021:12:09:45 Emitted: board:on
ℹ 13/Jul/2021:12:09:45 Emitted: board:off
ℹ 13/Jul/2021:12:09:46 Emitted: board:on
ℹ 13/Jul/2021:12:09:47 Emitted: board:off
ℹ 13/Jul/2021:12:09:48 Emitted: board:on
ℹ 13/Jul/2021:12:09:49 Emitted: board:off
ℹ 13/Jul/2021:12:09:50 Emitted: board:on
ℹ 13/Jul/2021:12:09:51 Emitted: board:off
ℹ 13/Jul/2021:12:10:01 Board disabled: Fill
ℹ 13/Jul/2021:12:10:13 Board disabled: Luz Fondo
ℹ 13/Jul/2021:12:10:32 Board disabled: Fill
ℹ 13/Jul/2021:12:10:44 Board disabled: Luz Fondo
ℹ 13/Jul/2021:12:11:03 Board disabled: Fill
ℹ 13/Jul/2021:12:11:15 Board disabled: Luz Fondo
ℹ 13/Jul/2021:12:11:34 Board disabled: Fill
ℹ 13/Jul/2021:12:11:45 Board disabled: Luz Fondo
ℹ 13/Jul/2021:12:11:53 Emitted: board:on
ℹ 13/Jul/2021:12:11:54 Emitted: board:off
ℹ 13/Jul/2021:12:11:56 Emitted: board:on
ℹ 13/Jul/2021:12:11:57 Emitted: board:off
ℹ 13/Jul/2021:12:11:58 Emitted: board:on
ℹ 13/Jul/2021:12:11:59 Emitted: board:off
ℹ 13/Jul/2021:12:12:00 Emitted: board:on
ℹ 13/Jul/2021:12:12:01 Emitted: board:off
ℹ 13/Jul/2021:12:12:04 Board disabled: Fill
ℹ 13/Jul/2021:12:12:10 Emitted: board:on
ℹ 13/Jul/2021:12:12:11 Emitted: board:off
ℹ 13/Jul/2021:12:12:12 Emitted: board:on
ℹ 13/Jul/2021:12:12:13 Emitted: board:off
ℹ 13/Jul/2021:12:12:14 Emitted: board:on
ℹ 13/Jul/2021:12:12:15 Emitted: board:off
ℹ 13/Jul/2021:12:12:16 Board disabled: Luz Fondo
ℹ 13/Jul/2021:12:12:35 Board disabled: Fill
ℹ 13/Jul/2021:12:12:47 Board disabled: Luz Fondo
ℹ 13/Jul/2021:12:13:06 Board disabled: Fill
ℹ 13/Jul/2021:12:13:18 Board disabled: Luz Fondo
ℹ 13/Jul/2021:12:13:37 Board disabled: Fill
ℹ 13/Jul/2021:12:13:48 Board disabled: Luz Fondo
ℹ 13/Jul/2021:12:14:07 Board disabled: Fill
ℹ 13/Jul/2021:12:14:19 Board disabled: Luz Fondo
ℹ 13/Jul/2021:12:14:38 Board disabled: Fill
ℹ 13/Jul/2021:12:14:50 Board disabled: Luz Fondo
ℹ 13/Jul/2021:12:15:09 Board disabled: Fill
ℹ 13/Jul/2021:12:15:20 Board disabled: Luz Fondo
ℹ 13/Jul/2021:12:15:39 Board disabled: Fill
ℹ 13/Jul/2021:12:15:51 Board disabled: Luz Fondo
ℹ 13/Jul/2021:12:16:10 Board disabled: Fill
ℹ 13/Jul/2021:12:16:22 Board disabled: Luz Fondo
ℹ 13/Jul/2021:12:16:23 Emitted: board:on
ℹ 13/Jul/2021:12:16:24 Emitted: board:off
ℹ 13/Jul/2021:12:16:26 Emitted: board:on
ℹ 13/Jul/2021:12:16:27 Emitted: board:off
ℹ 13/Jul/2021:12:16:28 Emitted: board:on
ℹ 13/Jul/2021:12:16:28 Emitted: board:off
ℹ 13/Jul/2021:12:16:29 Emitted: board:on
ℹ 13/Jul/2021:12:16:30 Emitted: board:off
ℹ 13/Jul/2021:12:16:31 Emitted: board:on
ℹ 13/Jul/2021:12:16:32 Emitted: board:off
ℹ 13/Jul/2021:12:16:33 Emitted: board:on
ℹ 13/Jul/2021:12:16:33 Emitted: board:off
ℹ 13/Jul/2021:12:16:34 Emitted: board:on
ℹ 13/Jul/2021:12:16:34 Emitted: board:off
ℹ 13/Jul/2021:12:16:35 Emitted: board:on
ℹ 13/Jul/2021:12:16:36 Emitted: board:off
ℹ 13/Jul/2021:12:16:36 Emitted: board:on
ℹ 13/Jul/2021:12:16:37 Emitted: board:off
ℹ 13/Jul/2021:12:16:41 Board disabled: Fill
ℹ 13/Jul/2021:12:16:53 Board disabled: Luz Fondo
ℹ 13/Jul/2021:12:17:12 Board disabled: Fill
ℹ 13/Jul/2021:12:17:23 Board disabled: Luz Fondo
ℹ 13/Jul/2021:12:17:42 Board disabled: Fill
ℹ 13/Jul/2021:12:17:54 Board disabled: Luz Fondo
ℹ 13/Jul/2021:12:18:10 Emitted: board:on
ℹ 13/Jul/2021:12:18:11 Emitted: board:off
ℹ 13/Jul/2021:12:18:13 Board disabled: Fill
ℹ 13/Jul/2021:12:18:25 Board disabled: Luz Fondo
ℹ 13/Jul/2021:12:18:44 Board disabled: Fill
ℹ 13/Jul/2021:12:18:55 Board disabled: Luz Fondo
ℹ 13/Jul/2021:12:19:14 Board disabled: Fill
ℹ 13/Jul/2021:12:19:26 Board disabled: Luz Fondo
ℹ 13/Jul/2021:12:19:45 Board disabled: Fill
ℹ 13/Jul/2021:12:19:57 Board disabled: Luz Fondo
ℹ 13/Jul/2021:12:20:16 Board disabled: Fill
ℹ 13/Jul/2021:12:20:28 Board disabled: Luz Fondo
ℹ 13/Jul/2021:12:20:36 Emitted: board:on
ℹ 13/Jul/2021:12:20:47 Board disabled: Fill
ℹ 13/Jul/2021:12:20:58 Board disabled: Luz Fondo
ℹ 13/Jul/2021:12:21:17 Board disabled: Fill
ℹ 13/Jul/2021:12:21:29 Board disabled: Luz Fondo
ℹ 13/Jul/2021:12:21:48 Board disabled: Fill
ℹ 13/Jul/2021:12:22:00 Board disabled: Luz Fondo
ℹ 13/Jul/2021:12:22:19 Board disabled: Fill
ℹ 13/Jul/2021:12:22:31 Board disabled: Luz Fondo
ℹ 13/Jul/2021:12:22:50 Board disabled: Fill
ℹ 13/Jul/2021:12:23:01 Board disabled: Luz Fondo
ℹ 13/Jul/2021:12:23:20 Board disabled: Fill
ℹ 13/Jul/2021:12:23:32 Board disabled: Luz Fondo
ℹ 13/Jul/2021:12:23:51 Board disabled: Fill
ℹ 13/Jul/2021:12:24:03 Board disabled: Luz Fondo
ℹ 13/Jul/2021:12:24:22 Board disabled: Fill
ℹ 13/Jul/2021:12:24:34 Board disabled: Luz Fondo
ℹ 13/Jul/2021:12:24:53 Board disabled: Fill
ℹ 13/Jul/2021:12:25:05 Board disabled: Luz Fondo
ℹ 13/Jul/2021:12:25:23 Board disabled: Fill
ℹ 13/Jul/2021:12:25:35 Board disabled: Luz Fondo
ℹ 13/Jul/2021:12:25:54 Board disabled: Fill
ℹ 13/Jul/2021:12:26:06 Board disabled: Luz Fondo
ℹ 13/Jul/2021:12:26:25 Board disabled: Fill
ℹ 13/Jul/2021:12:26:37 Board disabled: Luz Fondo
ℹ 13/Jul/2021:12:26:56 Board disabled: Fill
ℹ 13/Jul/2021:12:27:08 Board disabled: Luz Fondo
ℹ 13/Jul/2021:12:27:26 Board disabled: Fill
ℹ 13/Jul/2021:12:27:38 Board disabled: Luz Fondo
ℹ 13/Jul/2021:12:27:57 Board disabled: Fill
ℹ 13/Jul/2021:12:28:09 Board disabled: Luz Fondo
ℹ 13/Jul/2021:12:28:28 Board disabled: Fill
ℹ 13/Jul/2021:12:28:40 Board disabled: Luz Fondo
ℹ 13/Jul/2021:12:28:58 Board disabled: Fill
ℹ 13/Jul/2021:12:29:11 Board disabled: Luz Fondo
ℹ 13/Jul/2021:12:29:29 Board disabled: Fill
ℹ 13/Jul/2021:12:29:41 Board disabled: Luz Fondo
ℹ 13/Jul/2021:12:30:00 Board disabled: Fill
ℹ 13/Jul/2021:12:30:12 Board disabled: Luz Fondo
ℹ 13/Jul/2021:12:30:31 Board disabled: Fill
ℹ 13/Jul/2021:12:30:43 Board disabled: Luz Fondo
ℹ 13/Jul/2021:12:31:02 Board disabled: Fill
ℹ 13/Jul/2021:12:31:14 Board disabled: Luz Fondo
ℹ 13/Jul/2021:12:31:32 Board disabled: Fill
ℹ 13/Jul/2021:12:31:45 Board disabled: Luz Fondo
ℹ 13/Jul/2021:12:32:03 Board disabled: Fill
ℹ 13/Jul/2021:12:32:15 Board disabled: Luz Fondo
ℹ 13/Jul/2021:12:32:34 Board disabled: Fill
ℹ 13/Jul/2021:12:32:46 Board disabled: Luz Fondo
ℹ 13/Jul/2021:12:33:04 Board disabled: Fill
ℹ 13/Jul/2021:12:33:17 Board disabled: Luz Fondo
ℹ 13/Jul/2021:12:33:35 Board disabled: Fill
ℹ 13/Jul/2021:12:33:48 Board disabled: Luz Fondo
ℹ 13/Jul/2021:12:34:06 Board disabled: Fill
ℹ 13/Jul/2021:12:34:18 Board disabled: Luz Fondo
ℹ 13/Jul/2021:12:34:37 Board disabled: Fill
ℹ 13/Jul/2021:12:34:49 Board disabled: Luz Fondo
ℹ 13/Jul/2021:12:35:07 Board disabled: Fill
ℹ 13/Jul/2021:12:35:20 Board disabled: Luz Fondo
ℹ 13/Jul/2021:12:35:38 Board disabled: Fill
ℹ 13/Jul/2021:12:35:51 Board disabled: Luz Fondo
ℹ 13/Jul/2021:12:36:09 Board disabled: Fill
ℹ 13/Jul/2021:12:36:21 Board disabled: Luz Fondo
ℹ 13/Jul/2021:12:36:39 Board disabled: Fill
ℹ 13/Jul/2021:12:36:52 Board disabled: Luz Fondo
ℹ 13/Jul/2021:12:37:10 Board disabled: Fill
ℹ 13/Jul/2021:12:37:23 Board disabled: Luz Fondo
ℹ 13/Jul/2021:12:37:41 Board disabled: Fill
ℹ 13/Jul/2021:12:37:53 Board disabled: Luz Fondo
ℹ 13/Jul/2021:12:38:12 Board disabled: Fill
ℹ 13/Jul/2021:12:38:24 Board disabled: Luz Fondo
ℹ 13/Jul/2021:12:38:42 Board disabled: Fill
ℹ 13/Jul/2021:12:38:55 Board disabled: Luz Fondo
ℹ 13/Jul/2021:12:39:13 Board disabled: Fill
ℹ 13/Jul/2021:12:39:26 Board disabled: Luz Fondo
ℹ 13/Jul/2021:12:39:44 Board disabled: Fill
ℹ 13/Jul/2021:12:39:56 Board disabled: Luz Fondo
ℹ 13/Jul/2021:12:40:15 Board disabled: Fill
ℹ 13/Jul/2021:12:40:27 Board disabled: Luz Fondo
ℹ 13/Jul/2021:12:40:45 Board disabled: Fill
ℹ 13/Jul/2021:12:40:58 Board disabled: Luz Fondo
ℹ 13/Jul/2021:12:41:16 Board disabled: Fill
ℹ 13/Jul/2021:12:41:28 Board disabled: Luz Fondo
ℹ 13/Jul/2021:12:41:47 Board disabled: Fill
ℹ 13/Jul/2021:12:41:59 Board disabled: Luz Fondo
ℹ 13/Jul/2021:12:42:18 Board disabled: Fill
ℹ 13/Jul/2021:12:42:30 Board disabled: Luz Fondo
ℹ 13/Jul/2021:12:42:48 Board disabled: Fill
ℹ 13/Jul/2021:12:43:01 Board disabled: Luz Fondo
ℹ 13/Jul/2021:12:43:19 Board disabled: Fill
ℹ 13/Jul/2021:12:43:31 Board disabled: Luz Fondo
ℹ 13/Jul/2021:12:43:50 Board disabled: Fill
ℹ 13/Jul/2021:12:44:02 Board disabled: Luz Fondo
ℹ 13/Jul/2021:12:44:20 Board disabled: Fill
ℹ 13/Jul/2021:12:44:33 Board disabled: Luz Fondo
ℹ 13/Jul/2021:12:44:51 Board disabled: Fill
ℹ 13/Jul/2021:12:45:04 Board disabled: Luz Fondo
ℹ 13/Jul/2021:12:45:22 Board disabled: Fill
ℹ 13/Jul/2021:12:45:34 Board disabled: Luz Fondo
ℹ 13/Jul/2021:12:45:53 Board disabled: Fill
ℹ 13/Jul/2021:12:46:05 Board disabled: Luz Fondo
ℹ 13/Jul/2021:12:46:23 Board disabled: Fill
ℹ 13/Jul/2021:12:46:36 Board disabled: Luz Fondo
ℹ 13/Jul/2021:12:46:54 Board disabled: Fill
ℹ 13/Jul/2021:12:47:06 Board disabled: Luz Fondo
ℹ 13/Jul/2021:12:47:25 Board disabled: Fill
ℹ 13/Jul/2021:12:47:37 Board disabled: Luz Fondo
ℹ 13/Jul/2021:12:47:56 Board disabled: Fill
ℹ 13/Jul/2021:12:48:08 Board disabled: Luz Fondo
ℹ 13/Jul/2021:12:48:26 Board disabled: Fill
ℹ 13/Jul/2021:12:48:39 Board disabled: Luz Fondo
ℹ 13/Jul/2021:12:48:57 Board disabled: Fill
ℹ 13/Jul/2021:12:49:09 Board disabled: Luz Fondo
ℹ 13/Jul/2021:12:49:28 Board disabled: Fill
ℹ 13/Jul/2021:12:49:40 Board disabled: Luz Fondo
ℹ 13/Jul/2021:12:49:58 Board disabled: Fill
ℹ 13/Jul/2021:12:50:11 Board disabled: Luz Fondo
ℹ 13/Jul/2021:12:50:29 Board disabled: Fill
ℹ 13/Jul/2021:12:50:41 Board disabled: Luz Fondo
ℹ 13/Jul/2021:12:51:00 Board disabled: Fill
ℹ 13/Jul/2021:12:51:12 Board disabled: Luz Fondo
ℹ 13/Jul/2021:12:51:31 Board disabled: Fill
ℹ 13/Jul/2021:12:51:43 Board disabled: Luz Fondo
ℹ 13/Jul/2021:12:52:01 Board disabled: Fill
ℹ 13/Jul/2021:12:52:14 Board disabled: Luz Fondo
ℹ 13/Jul/2021:12:52:32 Board disabled: Fill
ℹ 13/Jul/2021:12:52:44 Board disabled: Luz Fondo
ℹ 13/Jul/2021:12:53:03 Board disabled: Fill
ℹ 13/Jul/2021:12:53:15 Board disabled: Luz Fondo
ℹ 13/Jul/2021:12:53:34 Board disabled: Fill
ℹ 13/Jul/2021:12:53:46 Board disabled: Luz Fondo
ℹ 13/Jul/2021:12:54:04 Board disabled: Fill
ℹ 13/Jul/2021:12:54:16 Board disabled: Luz Fondo
ℹ 13/Jul/2021:12:54:35 Board disabled: Fill
ℹ 13/Jul/2021:12:54:47 Board disabled: Luz Fondo
ℹ 13/Jul/2021:12:55:06 Board disabled: Fill
ℹ 13/Jul/2021:12:55:18 Board disabled: Luz Fondo
ℹ 13/Jul/2021:12:55:36 Board disabled: Fill
ℹ 13/Jul/2021:12:55:49 Board disabled: Luz Fondo
ℹ 13/Jul/2021:12:56:07 Board disabled: Fill
ℹ 13/Jul/2021:12:56:19 Board disabled: Luz Fondo
ℹ 13/Jul/2021:12:56:38 Board disabled: Fill
ℹ 13/Jul/2021:12:56:50 Board disabled: Luz Fondo
ℹ 13/Jul/2021:12:57:09 Board disabled: Fill
ℹ 13/Jul/2021:12:57:21 Board disabled: Luz Fondo
ℹ 13/Jul/2021:12:57:39 Board disabled: Fill
ℹ 13/Jul/2021:12:57:52 Board disabled: Luz Fondo
ℹ 13/Jul/2021:12:58:10 Board disabled: Fill
ℹ 13/Jul/2021:12:58:22 Board disabled: Luz Fondo
ℹ 13/Jul/2021:12:58:41 Board disabled: Fill
ℹ 13/Jul/2021:12:58:53 Board disabled: Luz Fondo
ℹ 13/Jul/2021:12:59:11 Board disabled: Fill
ℹ 13/Jul/2021:12:59:24 Board disabled: Luz Fondo
ℹ 13/Jul/2021:12:59:42 Board disabled: Fill
ℹ 13/Jul/2021:12:59:54 Board disabled: Luz Fondo
ℹ 13/Jul/2021:13:00:13 Board disabled: Fill
ℹ 13/Jul/2021:13:00:25 Board disabled: Luz Fondo
ℹ 13/Jul/2021:13:00:44 Board disabled: Fill
ℹ 13/Jul/2021:13:00:56 Board disabled: Luz Fondo
ℹ 13/Jul/2021:13:01:14 Board disabled: Fill
ℹ 13/Jul/2021:13:01:27 Board disabled: Luz Fondo
ℹ 13/Jul/2021:13:01:45 Board disabled: Fill
ℹ 13/Jul/2021:13:01:57 Board disabled: Luz Fondo
ℹ 13/Jul/2021:13:02:16 Board disabled: Fill
ℹ 13/Jul/2021:13:02:28 Board disabled: Luz Fondo
ℹ 13/Jul/2021:13:02:47 Board disabled: Fill
ℹ 13/Jul/2021:13:02:59 Board disabled: Luz Fondo
ℹ 13/Jul/2021:13:03:17 Board disabled: Fill
ℹ 13/Jul/2021:13:03:30 Board disabled: Luz Fondo
ℹ 13/Jul/2021:13:03:48 Board disabled: Fill
ℹ 13/Jul/2021:13:04:00 Board disabled: Luz Fondo
ℹ 13/Jul/2021:13:04:19 Board disabled: Fill
ℹ 13/Jul/2021:13:04:31 Board disabled: Luz Fondo
ℹ 13/Jul/2021:13:04:49 Board disabled: Fill
ℹ 13/Jul/2021:13:05:02 Board disabled: Luz Fondo
ℹ 13/Jul/2021:13:05:20 Board disabled: Fill
ℹ 13/Jul/2021:13:05:33 Board disabled: Luz Fondo
ℹ 13/Jul/2021:13:05:51 Board disabled: Fill
ℹ 13/Jul/2021:13:06:04 Board disabled: Luz Fondo
ℹ 13/Jul/2021:13:06:22 Board disabled: Fill
ℹ 13/Jul/2021:13:06:34 Board disabled: Luz Fondo
ℹ 13/Jul/2021:13:06:53 Board disabled: Fill
ℹ 13/Jul/2021:13:07:05 Board disabled: Luz Fondo
ℹ 13/Jul/2021:13:07:24 Board disabled: Fill
ℹ 13/Jul/2021:13:07:36 Board disabled: Luz Fondo
ℹ 13/Jul/2021:13:07:55 Board disabled: Fill
ℹ 13/Jul/2021:13:08:07 Board disabled: Luz Fondo
ℹ 13/Jul/2021:13:08:26 Board disabled: Fill
ℹ 13/Jul/2021:13:08:37 Board disabled: Luz Fondo
ℹ 13/Jul/2021:13:08:56 Board disabled: Fill
ℹ 13/Jul/2021:13:09:08 Board disabled: Luz Fondo
ℹ 13/Jul/2021:13:09:27 Board disabled: Fill
ℹ 13/Jul/2021:13:09:39 Board disabled: Luz Fondo
ℹ 13/Jul/2021:13:09:58 Board disabled: Fill
ℹ 13/Jul/2021:13:10:10 Board disabled: Luz Fondo
ℹ 13/Jul/2021:13:10:29 Board disabled: Fill
ℹ 13/Jul/2021:13:10:40 Board disabled: Luz Fondo
ℹ 13/Jul/2021:13:10:59 Board disabled: Fill
ℹ 13/Jul/2021:13:11:11 Board disabled: Luz Fondo
ℹ 13/Jul/2021:13:11:30 Board disabled: Fill
ℹ 13/Jul/2021:13:11:42 Board disabled: Luz Fondo
ℹ 13/Jul/2021:13:12:01 Board disabled: Fill
ℹ 13/Jul/2021:13:12:12 Board disabled: Luz Fondo
ℹ 13/Jul/2021:13:12:32 Board disabled: Fill
ℹ 13/Jul/2021:13:12:43 Board disabled: Luz Fondo
ℹ 13/Jul/2021:13:13:02 Board disabled: Fill
ℹ 13/Jul/2021:13:13:14 Board disabled: Luz Fondo
ℹ 13/Jul/2021:13:13:33 Board disabled: Fill
ℹ 13/Jul/2021:13:13:45 Board disabled: Luz Fondo
ℹ 13/Jul/2021:13:14:04 Board disabled: Fill
ℹ 13/Jul/2021:13:14:15 Board disabled: Luz Fondo
ℹ 13/Jul/2021:13:14:35 Board disabled: Fill
ℹ 13/Jul/2021:13:14:46 Board disabled: Luz Fondo
ℹ 13/Jul/2021:13:15:05 Board disabled: Fill
ℹ 13/Jul/2021:13:15:17 Board disabled: Luz Fondo
ℹ 13/Jul/2021:13:15:36 Board disabled: Fill
ℹ 13/Jul/2021:13:15:47 Board disabled: Luz Fondo
ℹ 13/Jul/2021:13:16:07 Board disabled: Fill
ℹ 13/Jul/2021:13:16:18 Board disabled: Luz Fondo
ℹ 13/Jul/2021:13:16:38 Board disabled: Fill
ℹ 13/Jul/2021:13:16:49 Board disabled: Luz Fondo
ℹ 13/Jul/2021:13:17:08 Board disabled: Fill
ℹ 13/Jul/2021:13:17:20 Board disabled: Luz Fondo
ℹ 13/Jul/2021:13:17:39 Board disabled: Fill
ℹ 13/Jul/2021:13:17:50 Board disabled: Luz Fondo
ℹ 13/Jul/2021:13:18:10 Board disabled: Fill
ℹ 13/Jul/2021:13:18:21 Board disabled: Luz Fondo
ℹ 13/Jul/2021:13:18:41 Board disabled: Fill
ℹ 13/Jul/2021:13:18:52 Board disabled: Luz Fondo
ℹ 13/Jul/2021:13:19:11 Board disabled: Fill
ℹ 13/Jul/2021:13:19:23 Board disabled: Luz Fondo
ℹ 13/Jul/2021:13:19:42 Board disabled: Fill
ℹ 13/Jul/2021:13:19:53 Board disabled: Luz Fondo
ℹ 13/Jul/2021:13:20:13 Board disabled: Fill
ℹ 13/Jul/2021:13:20:24 Board disabled: Luz Fondo
ℹ 13/Jul/2021:13:20:43 Board disabled: Fill
ℹ 13/Jul/2021:13:20:55 Board disabled: Luz Fondo
ℹ 13/Jul/2021:13:21:14 Board disabled: Fill
ℹ 13/Jul/2021:13:21:25 Board disabled: Luz Fondo
ℹ 13/Jul/2021:13:21:45 Board disabled: Fill
ℹ 13/Jul/2021:13:21:56 Board disabled: Luz Fondo
ℹ 13/Jul/2021:13:22:16 Board disabled: Fill
ℹ 13/Jul/2021:13:22:27 Board disabled: Luz Fondo
ℹ 13/Jul/2021:13:22:46 Board disabled: Fill
ℹ 13/Jul/2021:13:22:58 Board disabled: Luz Fondo
ℹ 13/Jul/2021:13:23:17 Board disabled: Fill
ℹ 13/Jul/2021:13:23:28 Board disabled: Luz Fondo
ℹ 13/Jul/2021:13:23:48 Board disabled: Fill
ℹ 13/Jul/2021:13:23:59 Board disabled: Luz Fondo
ℹ 13/Jul/2021:13:24:18 Board disabled: Fill
ℹ 13/Jul/2021:13:24:30 Board disabled: Luz Fondo
ℹ 13/Jul/2021:13:24:49 Board disabled: Fill
ℹ 13/Jul/2021:13:25:01 Board disabled: Luz Fondo
ℹ 13/Jul/2021:13:25:20 Board disabled: Fill
ℹ 13/Jul/2021:13:25:32 Board disabled: Luz Fondo
ℹ 13/Jul/2021:13:25:51 Board disabled: Fill
ℹ 13/Jul/2021:13:26:02 Board disabled: Luz Fondo
ℹ 13/Jul/2021:13:26:21 Board disabled: Fill
ℹ 13/Jul/2021:13:26:33 Board disabled: Luz Fondo
ℹ 13/Jul/2021:13:26:52 Board disabled: Fill
ℹ 13/Jul/2021:13:27:04 Board disabled: Luz Fondo
ℹ 13/Jul/2021:13:27:23 Board disabled: Fill
ℹ 13/Jul/2021:13:27:35 Board disabled: Luz Fondo
ℹ 13/Jul/2021:13:27:53 Board disabled: Fill
ℹ 13/Jul/2021:13:28:05 Board disabled: Luz Fondo
ℹ 13/Jul/2021:13:28:24 Board disabled: Fill
ℹ 13/Jul/2021:13:28:36 Board disabled: Luz Fondo
ℹ 13/Jul/2021:13:28:41 Emitted: board:on
ℹ 13/Jul/2021:13:28:42 Emitted: board:off
ℹ 13/Jul/2021:13:28:42 Emitted: board:on
ℹ 13/Jul/2021:13:28:45 Emitted: board:off
ℹ 13/Jul/2021:13:28:55 Board disabled: Fill
ℹ 13/Jul/2021:13:29:07 Board disabled: Luz Fondo
ℹ 13/Jul/2021:13:29:24 Board disabled: Fill
ℹ 13/Jul/2021:13:29:26 Board disabled: Fill
ℹ 13/Jul/2021:13:30:34 Emitted: board:on
ℹ 13/Jul/2021:13:30:35 Emitted: board:off
ℹ 13/Jul/2021:13:30:36 Emitted: board:on
ℹ 13/Jul/2021:13:30:38 Emitted: board:off
ℹ 13/Jul/2021:13:30:39 Emitted: board:on
ℹ 13/Jul/2021:13:30:41 Emitted: board:off
ℹ 13/Jul/2021:13:30:42 Emitted: board:on
ℹ 13/Jul/2021:13:30:43 Emitted: board:off
ℹ 13/Jul/2021:13:30:44 Emitted: board:on
ℹ 13/Jul/2021:13:30:45 Emitted: board:off
ℹ 13/Jul/2021:13:30:46 Emitted: board:on
ℹ 13/Jul/2021:13:30:47 Emitted: board:off
ℹ 13/Jul/2021:13:31:03 Board disabled: Luz Fondo
ℹ 13/Jul/2021:13:34:09 Emitted: board:on
ℹ 13/Jul/2021:13:34:10 Emitted: board:off
ℹ 13/Jul/2021:13:34:11 Emitted: board:on
ℹ 13/Jul/2021:13:34:12 Emitted: board:off
ℹ 13/Jul/2021:13:34:12 Emitted: board:on
ℹ 13/Jul/2021:13:34:13 Emitted: board:off
ℹ 13/Jul/2021:13:34:13 Emitted: board:on
ℹ 13/Jul/2021:13:34:15 Emitted: board:off
ℹ 13/Jul/2021:13:35:03 Emitted: board:on
ℹ 13/Jul/2021:13:35:04 Emitted: board:off
ℹ 13/Jul/2021:13:38:10 Emitted: board:on
ℹ 13/Jul/2021:13:38:10 Emitted: board:off
ℹ 13/Jul/2021:13:38:11 Emitted: board:on
ℹ 13/Jul/2021:13:38:11 Emitted: board:off
ℹ 13/Jul/2021:13:38:12 Emitted: board:on
ℹ 13/Jul/2021:13:38:12 Emitted: board:off
ℹ 13/Jul/2021:13:38:13 Emitted: board:on
ℹ 13/Jul/2021:13:38:13 Emitted: board:off
ℹ 13/Jul/2021:13:38:24 Emitted: board:on
ℹ 13/Jul/2021:13:38:59 Emitted: board:on
ℹ 13/Jul/2021:13:39:00 Emitted: board:off
ℹ 13/Jul/2021:13:39:05 Emitted: board:on
ℹ 13/Jul/2021:13:39:06 Emitted: board:off
ℹ 13/Jul/2021:13:39:07 Emitted: board:on
ℹ 13/Jul/2021:13:39:07 Emitted: board:off
ℹ 13/Jul/2021:13:39:08 Emitted: board:on
ℹ 13/Jul/2021:13:39:08 Emitted: board:off
ℹ 13/Jul/2021:13:39:10 Emitted: board:on
ℹ 13/Jul/2021:13:39:11 Emitted: board:off
ℹ 13/Jul/2021:13:39:22 Emitted: board:on
ℹ 13/Jul/2021:13:39:23 Emitted: board:off
ℹ 13/Jul/2021:13:39:50 Emitted: board:on
ℹ 13/Jul/2021:13:39:53 Emitted: board:off
ℹ 13/Jul/2021:13:39:54 Emitted: board:on
ℹ 13/Jul/2021:13:39:57 Emitted: board:off
ℹ 13/Jul/2021:13:39:59 Emitted: board:on
ℹ 13/Jul/2021:13:40:00 Emitted: board:off
ℹ 13/Jul/2021:13:40:27 Initializing Socket Events.
ℹ 13/Jul/2021:13:40:28 Server UP, listening on port 3000
ℹ 13/Jul/2021:13:40:30 Emitted: board:on
ℹ 13/Jul/2021:13:40:31 Emitted: board:off
ℹ 13/Jul/2021:13:40:32 Emitted: board:on
ℹ 13/Jul/2021:13:40:32 Emitted: board:off
ℹ 13/Jul/2021:13:40:33 Emitted: board:on
ℹ 13/Jul/2021:13:40:33 Emitted: board:off
ℹ 13/Jul/2021:14:40:51 Emitted: board:on
ℹ 13/Jul/2021:14:40:52 Emitted: board:off
ℹ 13/Jul/2021:14:46:12 Emitted: board:on
ℹ 13/Jul/2021:14:46:13 Emitted: board:off
ℹ 13/Jul/2021:14:46:14 Emitted: board:on
ℹ 13/Jul/2021:14:46:14 Emitted: board:off
ℹ 13/Jul/2021:14:46:15 Emitted: board:on
ℹ 13/Jul/2021:14:46:15 Emitted: board:off
ℹ 13/Jul/2021:14:46:16 Emitted: board:on
ℹ 13/Jul/2021:14:46:16 Emitted: board:off
ℹ 13/Jul/2021:14:46:17 Emitted: board:on
ℹ 13/Jul/2021:14:46:17 Emitted: board:off
ℹ 13/Jul/2021:14:46:18 Emitted: board:on
ℹ 13/Jul/2021:14:46:18 Emitted: board:off
ℹ 13/Jul/2021:14:46:18 Emitted: board:on
ℹ 13/Jul/2021:14:46:18 Emitted: board:off
ℹ 13/Jul/2021:14:46:18 Emitted: board:on
ℹ 13/Jul/2021:14:46:19 Emitted: board:off
ℹ 13/Jul/2021:14:46:19 Emitted: board:on
ℹ 13/Jul/2021:14:46:19 Emitted: board:off
ℹ 13/Jul/2021:14:46:19 Emitted: board:on
ℹ 13/Jul/2021:14:46:19 Emitted: board:off
ℹ 13/Jul/2021:14:46:20 Emitted: board:on
ℹ 13/Jul/2021:14:46:20 Emitted: board:off
ℹ 13/Jul/2021:14:47:39 Board disabled: Fill
ℹ 13/Jul/2021:14:50:27 Emitted: board:on
ℹ 13/Jul/2021:14:50:28 Emitted: board:off
ℹ 13/Jul/2021:14:50:29 Emitted: board:on
ℹ 13/Jul/2021:14:50:30 Emitted: board:off
ℹ 13/Jul/2021:14:50:31 Emitted: board:on
ℹ 13/Jul/2021:14:50:32 Emitted: board:off
ℹ 13/Jul/2021:14:50:32 Emitted: board:on
ℹ 13/Jul/2021:14:50:33 Emitted: board:off
ℹ 13/Jul/2021:14:50:34 Emitted: board:on
ℹ 13/Jul/2021:14:50:34 Emitted: board:off
ℹ 13/Jul/2021:14:50:35 Emitted: board:on
ℹ 13/Jul/2021:14:50:35 Emitted: board:off
ℹ 13/Jul/2021:14:50:38 Emitted: board:on
ℹ 13/Jul/2021:14:50:39 Emitted: board:off
ℹ 13/Jul/2021:14:50:40 Emitted: board:on
ℹ 13/Jul/2021:14:50:40 Emitted: board:off
ℹ 13/Jul/2021:14:55:00 Emitted: board:on
ℹ 13/Jul/2021:14:55:01 Emitted: board:off
ℹ 13/Jul/2021:14:55:02 Emitted: board:on
ℹ 13/Jul/2021:14:55:02 Emitted: board:off
ℹ 13/Jul/2021:14:58:42 Emitted: board:on
ℹ 13/Jul/2021:14:58:43 Emitted: board:off
ℹ 13/Jul/2021:14:58:44 Emitted: board:on
ℹ 13/Jul/2021:14:58:46 Emitted: board:off
ℹ 13/Jul/2021:14:58:52 Emitted: board:on
ℹ 13/Jul/2021:14:58:53 Emitted: board:off
ℹ 13/Jul/2021:14:58:54 Emitted: board:on
ℹ 13/Jul/2021:14:58:55 Emitted: board:off
ℹ 13/Jul/2021:14:58:56 Emitted: board:on
ℹ 13/Jul/2021:14:58:57 Emitted: board:off
ℹ 13/Jul/2021:14:58:58 Emitted: board:on
ℹ 13/Jul/2021:14:58:59 Emitted: board:off
ℹ 13/Jul/2021:14:59:00 Emitted: board:on
ℹ 13/Jul/2021:14:59:00 Emitted: board:off
ℹ 13/Jul/2021:14:59:02 Emitted: board:on
ℹ 13/Jul/2021:14:59:03 Emitted: board:off
ℹ 13/Jul/2021:14:59:03 Emitted: board:on
ℹ 13/Jul/2021:14:59:04 Emitted: board:off
ℹ 13/Jul/2021:14:59:06 Emitted: board:on
ℹ 13/Jul/2021:14:59:09 Emitted: board:off
ℹ 13/Jul/2021:14:59:11 Emitted: board:on
ℹ 13/Jul/2021:14:59:13 Emitted: board:off
ℹ 13/Jul/2021:15:01:17 Emitted: board:on
ℹ 13/Jul/2021:15:01:18 Emitted: board:off
ℹ 13/Jul/2021:15:01:18 Emitted: board:on
ℹ 13/Jul/2021:15:01:19 Emitted: board:off
ℹ 13/Jul/2021:15:01:20 Emitted: board:on
ℹ 13/Jul/2021:15:01:20 Emitted: board:off
ℹ 13/Jul/2021:15:01:21 Emitted: board:on
ℹ 13/Jul/2021:15:01:21 Emitted: board:off
ℹ 13/Jul/2021:15:01:27 Emitted: board:on
ℹ 13/Jul/2021:15:01:29 Emitted: board:off
ℹ 13/Jul/2021:15:01:29 Emitted: board:on
ℹ 13/Jul/2021:15:01:38 Emitted: board:off
ℹ 13/Jul/2021:15:01:39 Emitted: board:on
ℹ 13/Jul/2021:15:01:40 Emitted: board:off
ℹ 13/Jul/2021:15:01:40 Emitted: board:on
ℹ 13/Jul/2021:15:06:17 Emitted: board:on
ℹ 13/Jul/2021:15:06:18 Emitted: board:off
ℹ 13/Jul/2021:15:06:20 Emitted: board:on
ℹ 13/Jul/2021:15:06:21 Emitted: board:off
ℹ 13/Jul/2021:15:06:21 Emitted: board:on
ℹ 13/Jul/2021:15:06:22 Emitted: board:off
ℹ 13/Jul/2021:15:06:22 Emitted: board:on
ℹ 13/Jul/2021:15:06:22 Emitted: board:off
ℹ 13/Jul/2021:15:49:34 Emitted: board:on
ℹ 13/Jul/2021:15:49:35 Emitted: board:off
ℹ 13/Jul/2021:15:49:35 Emitted: board:on
ℹ 13/Jul/2021:15:49:35 Emitted: board:off
ℹ 13/Jul/2021:15:49:36 Emitted: board:on
ℹ 13/Jul/2021:15:49:36 Emitted: board:off
ℹ 13/Jul/2021:16:00:13 Emitted: board:on
ℹ 13/Jul/2021:16:00:13 Emitted: board:off
ℹ 13/Jul/2021:16:06:05 Emitted: board:on
ℹ 13/Jul/2021:16:06:37 Initializing Socket Events.
ℹ 13/Jul/2021:16:06:37 Server UP, listening on port 3000
ℹ 13/Jul/2021:16:06:39 Initializing Socket Events.
ℹ 13/Jul/2021:16:06:39 Server UP, listening on port 3000
ℹ 13/Jul/2021:16:06:41 Initializing Socket Events.
ℹ 13/Jul/2021:16:06:42 Server UP, listening on port 3000
ℹ 13/Jul/2021:16:07:12 Initializing Socket Events.
ℹ 13/Jul/2021:16:07:12 Server UP, listening on port 3000
ℹ 13/Jul/2021:16:07:41 Initializing Socket Events.
ℹ 13/Jul/2021:16:07:41 Server UP, listening on port 3000
ℹ 13/Jul/2021:16:08:07 Initializing Socket Events.
ℹ 13/Jul/2021:16:08:07 Server UP, listening on port 3000
ℹ 13/Jul/2021:16:09:03 Initializing Socket Events.
ℹ 13/Jul/2021:16:09:03 Server UP, listening on port 3000
ℹ 13/Jul/2021:16:10:17 Emitted: board:on
ℹ 13/Jul/2021:16:11:29 Initializing Socket Events.
ℹ 13/Jul/2021:16:11:29 Server UP, listening on port 3000
ℹ 13/Jul/2021:16:11:58 Initializing Socket Events.
ℹ 13/Jul/2021:16:11:58 Server UP, listening on port 3000
ℹ 13/Jul/2021:16:12:17 Initializing Socket Events.
ℹ 13/Jul/2021:16:12:17 Server UP, listening on port 3000
ℹ 13/Jul/2021:16:12:22 Initializing Socket Events.
ℹ 13/Jul/2021:16:12:22 Server UP, listening on port 3000
ℹ 13/Jul/2021:16:13:45 Initializing Socket Events.
ℹ 13/Jul/2021:16:13:45 Server UP, listening on port 3000
ℹ 13/Jul/2021:16:13:53 Initializing Socket Events.
ℹ 13/Jul/2021:16:13:53 Server UP, listening on port 3000
ℹ 13/Jul/2021:16:14:02 Initializing Socket Events.
ℹ 13/Jul/2021:16:14:02 Server UP, listening on port 3000
ℹ 13/Jul/2021:16:15:27 Initializing Socket Events.
ℹ 13/Jul/2021:16:15:27 Server UP, listening on port 3000
ℹ 13/Jul/2021:16:15:31 Initializing Socket Events.
ℹ 13/Jul/2021:16:15:31 Server UP, listening on port 3000
ℹ 13/Jul/2021:16:15:36 Initializing Socket Events.
ℹ 13/Jul/2021:16:15:37 Server UP, listening on port 3000
ℹ 13/Jul/2021:16:16:33 Emitted: board:on
ℹ 13/Jul/2021:16:16:56 Initializing Socket Events.
ℹ 13/Jul/2021:16:16:56 Server UP, listening on port 3000
ℹ 13/Jul/2021:16:17:40 Initializing Socket Events.
ℹ 13/Jul/2021:16:17:40 Server UP, listening on port 3000
ℹ 13/Jul/2021:16:17:45 Initializing Socket Events.
ℹ 13/Jul/2021:16:17:45 Server UP, listening on port 3000
ℹ 13/Jul/2021:16:17:48 Emitted: board:on
ℹ 13/Jul/2021:16:18:23 Initializing Socket Events.
ℹ 13/Jul/2021:16:18:23 Server UP, listening on port 3000
ℹ 13/Jul/2021:16:18:25 Emitted: board:on
ℹ 13/Jul/2021:16:18:49 Initializing Socket Events.
ℹ 13/Jul/2021:16:18:49 Server UP, listening on port 3000
ℹ 13/Jul/2021:16:18:50 Emitted: board:on
ℹ 13/Jul/2021:16:18:55 Emitted: board:off
ℹ 13/Jul/2021:16:18:56 Emitted: board:on
ℹ 13/Jul/2021:16:18:59 Emitted: board:off
ℹ 13/Jul/2021:16:18:59 Emitted: board:on
ℹ 13/Jul/2021:16:19:05 Emitted: board:off
ℹ 13/Jul/2021:16:19:07 Emitted: board:on
ℹ 13/Jul/2021:16:19:07 Emitted: board:off
ℹ 13/Jul/2021:16:19:32 Initializing Socket Events.
ℹ 13/Jul/2021:16:19:32 Server UP, listening on port 3000
ℹ 13/Jul/2021:16:19:33 Emitted: board:on
ℹ 13/Jul/2021:16:19:39 Emitted: board:off
ℹ 13/Jul/2021:16:19:39 Emitted: board:on
ℹ 13/Jul/2021:16:19:46 Emitted: board:off
ℹ 13/Jul/2021:16:19:46 Emitted: board:on
ℹ 13/Jul/2021:16:19:58 Emitted: board:on
ℹ 13/Jul/2021:16:20:13 Initializing Socket Events.
ℹ 13/Jul/2021:16:20:13 Server UP, listening on port 3000
ℹ 13/Jul/2021:16:20:40 Initializing Socket Events.
ℹ 13/Jul/2021:16:20:40 Server UP, listening on port 3000
ℹ 13/Jul/2021:16:20:42 Emitted: board:on
ℹ 13/Jul/2021:16:20:48 Emitted: board:on
ℹ 13/Jul/2021:16:21:10 Initializing Socket Events.
ℹ 13/Jul/2021:16:21:10 Server UP, listening on port 3000
ℹ 13/Jul/2021:16:21:16 Emitted: board:on
ℹ 13/Jul/2021:16:21:52 Initializing Socket Events.
ℹ 13/Jul/2021:16:21:52 Server UP, listening on port 3000
ℹ 13/Jul/2021:16:21:53 Emitted: board:on
ℹ 13/Jul/2021:16:22:01 Initializing Socket Events.
ℹ 13/Jul/2021:16:22:01 Server UP, listening on port 3000
ℹ 13/Jul/2021:16:22:05 Emitted: board:on
ℹ 13/Jul/2021:16:22:14 Initializing Socket Events.
ℹ 13/Jul/2021:16:22:14 Server UP, listening on port 3000
ℹ 13/Jul/2021:16:22:17 Emitted: board:on
ℹ 13/Jul/2021:16:23:58 Initializing Socket Events.
ℹ 13/Jul/2021:16:23:58 Server UP, listening on port 3000
ℹ 13/Jul/2021:16:24:07 Initializing Socket Events.
ℹ 13/Jul/2021:16:24:07 Server UP, listening on port 3000
ℹ 13/Jul/2021:16:24:09 Emitted: board:on
ℹ 13/Jul/2021:16:24:17 Emitted: board:on
ℹ 13/Jul/2021:16:24:32 Initializing Socket Events.
ℹ 13/Jul/2021:16:24:32 Server UP, listening on port 3000
ℹ 13/Jul/2021:16:24:40 Initializing Socket Events.
ℹ 13/Jul/2021:16:24:40 Server UP, listening on port 3000
ℹ 13/Jul/2021:16:24:43 Initializing Socket Events.
ℹ 13/Jul/2021:16:24:43 Server UP, listening on port 3000
ℹ 13/Jul/2021:16:24:54 Emitted: board:on
ℹ 13/Jul/2021:16:27:14 Emitted: board:on
ℹ 13/Jul/2021:16:27:20 Emitted: board:on
ℹ 13/Jul/2021:16:27:26 Emitted: board:on
ℹ 13/Jul/2021:16:27:29 Emitted: board:on
ℹ 13/Jul/2021:16:27:33 Emitted: board:on
ℹ 13/Jul/2021:16:27:36 Emitted: board:on
ℹ 13/Jul/2021:16:27:40 Emitted: board:on
ℹ 13/Jul/2021:16:32:03 Emitted: board:on
ℹ 13/Jul/2021:16:32:21 Emitted: board:on
ℹ 13/Jul/2021:16:32:23 Emitted: board:on
